
-SMDREnter Password:
*******Date     Time    Ext   CO   Dial Number                                        Ring Duration Cost        Acc code   CD  

------------------------------------------------------------------------------------------------------------------------

22/11/19 14:27     199 0036 <D>2066<I>13981656801                              0'33 00:00'00    00000.00                

22/11/19 14:28     123 0036 <D>2066<I>13981656801                              0'00 00:00'41    00000.00                

22/11/19 14:31     522 0036 08007260505121583397061904                              00:01'06    00000.00                

22/11/19 14:58     399 0036 <D>2062<I>1332027878                               0'05 00:00'00    00000.00                

22/11/19 15:00     199 0035 <D>2066<I>13981495781                              0'15 00:00'00    00000.00                

22/11/19 15:00     123      EXT130                                                                                      

22/11/19 15:00     123 0035 <D>2066<I>13981495781                              0'00 00:00'45    00000.00                

22/11/19 15:02     321 0036 <D>2062<I>1332027878                               0'00 00:03'46    00000.00                

22/11/19 15:06     129 0036 <D>2068<I>0040623480808                            0'32 00:00'00    00000.00            NA  

22/11/19 15:08     321      EXT130                                                                                      

22/11/19 15:09     321      EXT121                                                                                      

22/11/19 15:10     321      EXT129                                                                                      

22/11/19 15:11     321      EXT123                                                                                      

22/11/19 15:46     599 0036 <D>2064<I>11956963190                              0'06 00:00'00    00000.00                

22/11/19 15:47     521 0036 <D>2064<I>11956963190                              0'00 00:00'23    00000.00                

22/11/19 15:54     522      EXT521                                                                                      

22/11/19 15:54     522      EXT521                                                                                      

22/11/19 15:59     199 0036 <D>2066<I>13996400058                              0'07 00:00'00    00000.00                

22/11/19 16:01     221      EXT220                                                                                      

22/11/19 16:02     123 0036 <D>2066<I>13996400058                              0'00 00:02'36    00000.00                

22/11/19 16:07     130      EXT122                                                                                      

22/11/19 16:11     199 0036 <D>2066<I>001130252000                             0'06 00:00'00    00000.00                

22/11/19 16:12     123 0036 <D>2066<I>001130252000                             0'00 00:00'38    00000.00                

22/11/19 16:12     130      EXT122                                                                                      

22/11/19 16:18     720      EXT721                                                                                      

22/11/19 16:20     122      EXT130                                                                                      

22/11/19 16:21     720      EXT721                                                                                      

22/11/19 16:23     399 0036 <D>2062<I>1137929100                               0'06 00:00'00    00000.00                

22/11/19 16:26     720      EXT721                                                                                      

22/11/19 16:26     321 0036 <D>2062<I>1137929100                               0'00 00:03'10    00000.00                

22/11/19 16:40     520      EXT130                                                                                      

22/11/19 16:41     720      EXT721                                                                                      

22/11/19 16:41     130      EXT122                                                                                      

22/11/19 16:43     122      EXT130                                                                                      

22/11/19 16:45     399 0036 <D>2062<I>13974058409                              0'04 00:00'00    00000.00                

22/11/19 16:45     130      EXT122                                                                                      

22/11/19 16:46     599 0035 <D>2064<I>13996819155                              0'11 00:00'00    00000.00                

22/11/19 16:46     321 0036 <D>2062<I>13974058409                              0'00 00:00'57    00000.00                

22/11/19 16:46     522      EXT521                                                                                      

22/11/19 16:46     522 0035 <D>2064<I>13996819155                              0'00 00:00'15    00000.00                

22/11/19 16:47     521 0035 <D>2064<I>13996819155                              0'00 00:00'33    00000.00            TR  

22/11/19 16:50     720      EXT721                                                                                      

22/11/19 16:52     399 0036 <D>2062<I>1239327799                               0'06 00:00'00    00000.00                

22/11/19 16:53     321 0036 <D>2062<I>1239327799                               0'00 00:00'29    00000.00                

22/11/19 16:54     399 0036 <D>2062<I>1239327799                               0'06 00:00'00    00000.00                

22/11/19 16:54     321 0036 <D>2062<I>1239327799                               0'00 00:00'30    00000.00                

22/11/19 16:56     130 0036 <D>2067<I>1332322718                               0'09 00:00'42    00000.00                

22/11/19 16:58     599 0036 <D>2064<I>13997120778                              0'08 00:00'00    00000.00                

22/11/19 16:58     130      EXT720                                                                                      

22/11/19 16:59     521 0036 <D>2064<I>13997120778                              0'00 00:00'36    00000.00                

22/11/19 16:59     130      EXT721                                                                                      

22/11/19 16:59     521      EXT522                                                                                      

22/11/19 17:00     129 0007 32322020                                                00:01'42    00000.00                

22/11/19 17:02     399 0036 <D>2062<I>1239327799                               0'06 00:00'00    00000.00                

22/11/19 17:02     321 0036 <D>2062<I>1239327799                               0'00 00:00'19    00000.00                

22/11/19 17:06     130      EXT621                                                                                      

22/11/19 17:06     130      EXT621                                                                                      

22/11/19 17:06     130      EXT621                                                                                      

22/11/19 17:06     130      EXT620                                                                                      

22/11/19 17:07     130      EXT620                                                                                      

22/11/19 17:07     130      EXT621                                                                                      

22/11/19 17:07     122      EXT130                                                                                      

22/11/19 17:08     122      EXT121                                                                                      

22/11/19 17:16     130      EXT621                                                                                      

Date     Time    Ext   CO   Dial Number                                        Ring Duration Cost        Acc code   CD  

------------------------------------------------------------------------------------------------------------------------

22/11/19 17:18     721      EXT130                                                                                      

22/11/19 17:18     721      EXT130                                                                                      

22/11/19 17:18     720      EXT721                                                                                      

22/11/19 17:22     129 0036 <D>2068<I>1150455041                               0'29 00:00'00    00000.00            NA  

22/11/19 17:25     130 0009 32322020                                                00:00'57    00000.00                

22/11/19 17:27     129      EXT123                                                                                      

22/11/19 17:33     129      EXT123                                                                                      

22/11/19 17:36     720      EXT721                                                                                      

22/11/19 17:36     721      EXT130                                                                                      

22/11/19 17:38     130      EXT721                                                                                      

22/11/19 17:39     130      EXT220                                                                                      

22/11/19 17:50     129      EXT123                                                                                      

22/11/19 17:50     622      EXT621                                                                                      

22/11/19 17:56     799 0036 <D>2060<I>4132419000                               0'32 00:00'00    00000.00                

22/11/19 17:56     720 0036 <D>2060<I>4132419000                               0'00 00:00'17    00000.00                

22/11/19 18:05     199 0036 <D>2066<I>5121019999                               0'07 00:00'00    00000.00                

22/11/19 18:05     123      EXT130                                                                                      

22/11/19 18:06     123 0036 <D>2066<I>5121019999                               0'00 00:00'25    00000.00                

22/11/19 18:06     130 0035 <D>2067<I>1332851100                               0'11 00:00'00    00000.00            NA  

22/11/19 18:08     522      EXT521                                                                                      

22/11/19 18:08     121 0035 <D>2067<I>1332851100                               0'00 00:01'56    00000.00                

22/11/19 18:11     130 0036 <D>2066<I>5121019999                               0'00 00:05'24    00000.00            TR  

22/11/19 18:21     129 0036 <D>2068<I>1340404036                               0'39 00:00'00    00000.00            NA  

22/11/19 18:25     129      EXT123                                                                                      

22/11/19 18:37     130 0036 <D>2067<I>1332851100                               0'22 00:02'38    00000.00                

22/11/19 18:39     599 0036 <D>2064<I>1330141519                               0'07 00:00'00    00000.00                

22/11/19 18:40     521 0036 <D>2064<I>1330141519                               0'00 00:00'23    00000.00                

22/11/19 18:50     130 0010 991262785                                               00:03'48    00000.00                

22/11/19 18:51     599 0036 <D>2064<I>13981120662                              0'08 00:00'00    00000.00                

22/11/19 18:51     521 0036 <D>2064<I>13981120662                              0'00 00:00'09    00000.00                

22/11/19 18:52     599 0036 <D>2064<I>13997262149                              0'08 00:00'00    00000.00                

22/11/19 18:52     521 0036 <D>2064<I>13997262149                              0'00 00:00'14    00000.00                

22/11/19 19:09     199 0036 <D>2066<I>1332713455                               0'14 00:00'00    00000.00                

22/11/19 19:12     123 0036 <D>2066<I>1332713455                               0'00 00:02'54    00000.00                

22/11/19 19:17     129 0036 <D>2068<I>1340404036                               0'40 00:00'00    00000.00            NA  

22/11/19 19:19     499 0036 <D>2063<I>4832133000                               0'04 00:00'00    00000.00                

22/11/19 19:20     420 0036 <D>2063<I>4832133000                               0'00 00:00'26    00000.00                

22/11/19 19:21     123      EXT129                                                                                      

22/11/19 19:27     522      EXT521                                                                                      

22/11/19 19:27     522      EXT521                                                                                      

22/11/19 19:28     199 0036 <D>2066<I>1332713455                               0'07 00:00'00    00000.00                

22/11/19 19:29     123 0036 <D>2066<I>1332713455                               0'00 00:00'50    00000.00                

22/11/19 19:41     522      EXT521                                                                                      

22/11/19 20:09     599 0036 <D>2064<I>11980330040                              0'38 00:00'00    00000.00                

22/11/19 20:09     521 0036 <D>2064<I>11980330040                              0'00 00:00'02    00000.00                

22/11/19 20:10     599 0036 <D>2064<I>11980330040                              0'02 00:00'00    00000.00            NA  

22/11/19 20:11     599 0036 <D>2064<I>11980330040                              0'55 00:00'00    00000.00            NA  

22/11/19 20:12     599 0036 <D>2064<I>11980330040                              0'55 00:00'00    00000.00            NA  

22/11/19 20:13     599 0036 <D>2064<I>11980330040                              0'06 00:00'00    00000.00                

22/11/19 20:13     521 0036 <D>2064<I>11980330040                              0'00 00:00'10    00000.00                

22/11/19 21:12     522      EXT521                                                                                      

22/11/19 22:44     599 0036 <D>2064<I>13997296126                              0'07 00:00'00    00000.00                

22/11/19 22:45     521 0036 <D>2064<I>13997296126                              0'00 00:00'18    00000.00                

22/11/19 23:09     123      EXT221                                                                                      

23/11/19 03:38     120      EXT131                                                                                      

23/11/19 04:11     120      EXT131                                                                                      

23/11/19 06:57     399 0036 <D>2062<I>13974166222                              0'06 00:00'00    00000.00                

23/11/19 06:57     321 0036 <D>2062<I>13974166222                              0'00 00:00'29    00000.00                

23/11/19 07:38     599 0036 <D>2064<I>13996643009                              0'54 00:00'00    00000.00            NA  

23/11/19 07:48     599 0036 <D>2064<I>13996643009                              0'16 00:00'00    00000.00                

23/11/19 07:48     522 0036 <D>2064<I>13996643009                              0'00 00:00'12    00000.00                

23/11/19 07:59     123      EXT221                                                                                      

23/11/19 08:19     521      EXT522                                                                                      

23/11/19 08:27     522 0007 080072605051                                            00:00'25    00000.00                

Date     Time    Ext   CO   Dial Number                                        Ring Duration Cost        Acc code   CD  

------------------------------------------------------------------------------------------------------------------------

23/11/19 08:51     320 0008 08002865556                                             00:01'49    00000.00                

23/11/19 09:05     320 0009 08002865556                                             00:10'40    00000.00                

23/11/19 09:06     320      EXT321                                                                                      

23/11/19 09:06     320      EXT321                                                                                      

23/11/19 09:14     321      EXT320                                                                                      

23/11/19 09:19     499 0036 <D>2063<I>1332956600                               1'05 00:00'00    00000.00            NA  

23/11/19 09:28     499 0036 <D>2063<I>1332956600                               0'18 00:00'00    00000.00                

23/11/19 09:28     422 0036 <D>2063<I>1332956600                               0'00 00:00'24    00000.00                

23/11/19 09:51     521      EXT522                                                                                      

23/11/19 10:48     599 0036 <D>2064<I>11978005600                              0'16 00:00'00    00000.00                

23/11/19 10:48     521 0036 <D>2064<I>11978005600                              0'00 00:00'08    00000.00                

23/11/19 10:54     199 0036 <D>2066<I>11981604876                              0'12 00:00'00    00000.00                

23/11/19 10:54     123 0036 <D>2066<I>11981604876                              0'00 00:00'19    00000.00                

23/11/19 10:58     521      EXT522                                                                                      

23/11/19 11:55     522      EXT521                                                                                      

23/11/19 12:00     621      EXT123                                                                                      

23/11/19 12:05     522      EXT521                                                                                      

23/11/19 12:18     499 0036 <D>2063<I>4821069449                               0'06 00:00'00    00000.00                

23/11/19 12:18     420 0036 <D>2063<I>4821069449                               0'00 00:00'02    00000.00                

23/11/19 12:38     621 0010 32781010                                                00:03'01    00000.00                

23/11/19 12:44     721 0012 32256700                                                00:00'41    00000.00                

23/11/19 12:46     621 0011 34668977                                                00:05'49    00000.00                

23/11/19 12:50     199 0036 <D>2066<I>4830319655                               0'25 00:00'00    00000.00                

23/11/19 12:53     123 0036 <D>2066<I>4830319655                               0'00 00:03'25    00000.00                

23/11/19 12:53     129 0035 <D>2068<I>1340404036                               0'39 00:00'00    00000.00            NA  

23/11/19 13:31     699 0036 <D>2065<I>1340627046                               0'05 00:00'00    00000.00                

23/11/19 13:31     621 0036 <D>2065<I>1340627046                               0'00 00:00'30    00000.00                

23/11/19 13:35     622      EXT621                                                                                      

23/11/19 13:50     522 0013 08007260505121583397061904                              00:01'02    00000.00                

23/11/19 13:54     422 0014 974066722                                               00:00'10    00000.00                

23/11/19 13:55     521      EXT522                                                                                      

23/11/19 14:41     499 0036 <D>2063<I>4830620554                               0'30 00:00'00    00000.00            NA  

23/11/19 14:55     522      EXT521                                                                                      

23/11/19 15:06     599 0036 <D>2064<I>13997262149                              1'00 00:00'00    00000.00            NA  

23/11/19 15:14     420      EXT422                                                                                      

23/11/19 15:18     399 0036 <D>2062<I>13982127922                              0'05 00:00'00    00000.00                

23/11/19 15:19     321 0036 <D>2062<I>13982127922                              0'00 00:00'47    00000.00                

23/11/19 15:48     522      EXT521                                                                                      

23/11/19 16:11     799 0036 <D>2060<I>13997059908                              0'27 00:00'00    00000.00                

23/11/19 16:11     720 0036 <D>2060<I>13997059908                              0'00 00:00'50    00000.00                

23/11/19 16:20     599 0036 <D>2064<I>11957737875                              0'09 00:00'00    00000.00                

23/11/19 16:21     521 0036 <D>2064<I>11957737875                              0'00 00:00'15    00000.00                

23/11/19 16:22     522      EXT521                                                                                      

23/11/19 16:33     499 0036 <D>2063<I>4832169600                               0'14 00:00'00    00000.00                

23/11/19 16:33     422 0036 <D>2063<I>4832169600                               0'00 00:00'02    00000.00                

23/11/19 16:37     522      EXT521                                                                                      

23/11/19 16:59     399 0036 <D>2062<I>13991527224                              0'06 00:00'00    00000.00                

23/11/19 16:59     321 0036 <D>2062<I>13991527224                              0'00 00:00'12    00000.00                

23/11/19 17:23     599 0036 <D>2064<I>13997358815                              0'10 00:00'00    00000.00                

23/11/19 17:23     521 0036 <D>2064<I>13997358815                              0'00 00:00'12    00000.00                

23/11/19 17:38     599 0036 <D>2064<I>13997048099                              0'06 00:00'00    00000.00                

23/11/19 17:38     521 0036 <D>2064<I>13997048099                              0'00 00:00'14    00000.00                

23/11/19 18:06     599 0036 <D>2064<I>13974011432                              0'55 00:00'00    00000.00                

23/11/19 18:06     521 0036 <D>2064<I>13974011432                              0'00 00:00'12    00000.00                

23/11/19 19:39     522      EXT521                                                                                      

23/11/19 20:56     522      EXT521                                                                                      

23/11/19 20:58     522      EXT521                                                                                      

23/11/19 21:19     399 0036 <D>2062<I>13988813868                              0'06 00:00'00    00000.00                

23/11/19 21:19     321 0036 <D>2062<I>13988813868                              0'00 00:00'26    00000.00                

23/11/19 21:44     521      EXT522                                                                                      

23/11/19 23:21     599 0036 <D>2064<I>13997671313                              0'36 00:00'00    00000.00            NA  

24/11/19 00:53     120      EXT131                                                                                      

24/11/19 01:12     599 0036 <D>2064<I>13988813952                              0'25 00:00'00    00000.00            NA  

24/11/19 01:12     599 0036 <D>2064<I>13988813952                              0'28 00:00'00    00000.00            NA  

Date     Time    Ext   CO   Dial Number                                        Ring Duration Cost        Acc code   CD  

------------------------------------------------------------------------------------------------------------------------

24/11/19 07:17     599 0036 <D>2064<I>13992086792                              0'07 00:00'00    00000.00                

24/11/19 07:18     522 0036 <D>2064<I>13992086792                              0'00 00:00'31    00000.00                

24/11/19 10:28     199 0036 <D>2066<I>13991763273                              0'20 00:00'00    00000.00                

24/11/19 10:29     123 0036 <D>2066<I>13991763273                              0'00 00:01'18    00000.00                

24/11/19 12:15     521      EXT522                                                                                      

24/11/19 12:16     521      EXT522                                                                                      

24/11/19 12:17     521      EXT522                                                                                      

24/11/19 12:32     522      EXT521                                                                                      

24/11/19 12:35     521      EXT522                                                                                      

24/11/19 12:53     521      EXT522                                                                                      

24/11/19 13:19     522      EXT521                                                                                      

24/11/19 13:26     522      EXT521                                                                                      

24/11/19 13:36     522      EXT521                                                                                      

24/11/19 14:51     522      EXT521                                                                                      

24/11/19 14:53     599 0036 <D>2064<I>11947143625                              0'06 00:00'00    00000.00                

24/11/19 14:53     521 0036 <D>2064<I>11947143625                              0'00 00:00'39    00000.00                

24/11/19 15:03     521      EXT522                                                                                      

24/11/19 15:14     521      EXT522                                                                                      

24/11/19 15:36     522      EXT521                                                                                      

24/11/19 16:26     599 0036 <D>2064<I>13974068539                              0'13 00:00'00    00000.00                

24/11/19 16:27     521 0036 <D>2064<I>13974068539                              0'00 00:00'47    00000.00                

24/11/19 16:50     522      EXT521                                                                                      

24/11/19 17:16     599 0036 <D>2064<I>1333729802                               0'14 00:00'00    00000.00                

24/11/19 17:17     521 0036 <D>2064<I>1333729802                               0'00 00:00'22    00000.00                

24/11/19 17:17     521      EXT522                                                                                      

24/11/19 17:51     599 0036 <D>2064<I>13991883639                              0'06 00:00'00    00000.00                

24/11/19 17:51     521 0036 <D>2064<I>13991883639                              0'00 00:00'08    00000.00                

24/11/19 17:52     399 0036 <D>2062<I>13982079976                              0'04 00:00'00    00000.00                

24/11/19 17:55     321 0036 <D>2062<I>13982079976                              0'00 00:03'02    00000.00                

24/11/19 18:09     522      EXT521                                                                                      

24/11/19 18:16     599 0036 <D>2064<I>13991287803                              0'05 00:00'00    00000.00                

24/11/19 18:16     521 0036 <D>2064<I>13991287803                              0'00 00:00'31    00000.00                

24/11/19 18:16     599 0036 <D>2064<I>1333729802                               0'05 00:00'00    00000.00                

24/11/19 18:17     521 0036 <D>2064<I>1333729802                               0'00 00:00'32    00000.00                

24/11/19 18:51     599 0036 <D>2064<I>15997903436                              0'02 00:00'00    00000.00                

24/11/19 18:51     522 0036 <D>2064<I>15997903436                              0'00 00:00'21    00000.00                

24/11/19 19:07     599 0036 <D>2064<I>11965991078                              0'28 00:00'00    00000.00                

24/11/19 19:08     521 0036 <D>2064<I>11965991078                              0'00 00:01'04    00000.00                

24/11/19 19:36     599 0036 <D>2064<I>13997672400                              0'08 00:00'00    00000.00                

24/11/19 19:36     521 0036 <D>2064<I>13997672400                              0'00 00:00'11    00000.00                

24/11/19 20:05     599 0036 <D>2064<I>11982453191                              0'10 00:00'00    00000.00            NA  

24/11/19 20:06     599 0036 <D>2064<I>11982453191                              0'27 00:00'00    00000.00                

24/11/19 20:06     521 0036 <D>2064<I>11982453191                              0'00 00:00'13    00000.00                

24/11/19 20:56     522      EXT521                                                                                      

24/11/19 20:57     599 0036 <D>2064<I>11972207894                              0'07 00:00'00    00000.00                

24/11/19 20:58     522 0036 <D>2064<I>11972207894                              0'00 00:00'36    00000.00                

24/11/19 21:33     599 0036 <D>2064<I>13991287803                              0'05 00:00'00    00000.00                

24/11/19 21:33     522 0036 <D>2064<I>13991287803                              0'00 00:00'13    00000.00                

25/11/19 00:54     422      EXT199                                                                                      

25/11/19 01:03     422 0016 996278288                                               00:06'17    00000.00                

25/11/19 04:42     299 0036 <D>2061<I>11998828208                              0'48 00:00'00    00000.00                

25/11/19 04:43     221 0036 <D>2061<I>11998828208                              0'00 00:00'21    00000.00                

25/11/19 06:40     622 0017 40047770                                                00:00'58    00000.00                

25/11/19 08:36     522      EXT521                                                                                      

25/11/19 08:51     522      EXT521                                                                                      

25/11/19 08:52     321      EXT320                                                                                      

25/11/19 08:54     321      EXT521                                                                                      

25/11/19 08:58     521      EXT320                                                                                      

25/11/19 08:58     320      EXT321                                                                                      

25/11/19 08:58     522      EXT521                                                                                      

25/11/19 08:59     522      EXT521                                                                                      

25/11/19 08:59     320      EXT321                                                                                      

25/11/19 09:01     521      EXT320                                                                                      

25/11/19 09:04     321      EXT521                                                                                      

Date     Time    Ext   CO   Dial Number                                        Ring Duration Cost        Acc code   CD  

------------------------------------------------------------------------------------------------------------------------

25/11/19 09:05     321      EXT130                                                                                      

25/11/19 09:10     320      EXT321                                                                                      

25/11/19 09:15     499 0036 <D>2063<I>1332956600                               0'13 00:00'00    00000.00                

25/11/19 09:16     420 0036 <D>2063<I>1332956600                               0'00 00:00'28    00000.00                

25/11/19 09:21     599 0036 <D>2064<I>13997474350                              0'22 00:00'00    00000.00                

25/11/19 09:24     522 0036 <D>2064<I>13997474350                              0'00 00:02'14    00000.00                

25/11/19 09:27     520      EXT521                                                                                      

25/11/19 09:37     521      EXT520                                                                                      

25/11/19 09:42     499 0036 <D>2063<I>1332512904                               0'07 00:00'00    00000.00                

25/11/19 09:43     520 0018 0151138796600                                           00:00'54    00000.00                

25/11/19 09:44     420 0036 <D>2063<I>1332512904                               0'00 00:02'21    00000.00                

25/11/19 09:44     520 0019 0151138796600                                           00:00'47    00000.00                

25/11/19 09:45     122      EXT130                                                                                      

25/11/19 09:51     520 0020 08002912227                                             00:03'43    00000.00                

25/11/19 10:09     221      EXT220                                                                                      

25/11/19 10:15     721      EXT720                                                                                      

25/11/19 10:26     522      EXT521                                                                                      

25/11/19 10:35     220 0023 32023555                                                00:00'57    00000.00                

25/11/19 10:37     220 0024 32023555                                                00:01'47    00000.00                

25/11/19 10:38     599 0036 <D>2064<I>1334483436                               0'05 00:00'00    00000.00                

25/11/19 10:38     521 0036 <D>2064<I>1334483436                               0'00 00:00'16    00000.00                

25/11/19 10:42     521      EXT522                                                                                      

25/11/19 10:43     599 0036 <D>2064<I>1335072467                               0'09 00:00'00    00000.00                

25/11/19 10:44     521 0036 <D>2064<I>1335072467                               0'00 00:00'32    00000.00                

25/11/19 11:10     221      EXT220                                                                                      

25/11/19 11:16     122      EXT130                                                                                      

25/11/19 11:22     199 0036 <D>2066<I>1333264404                               0'07 00:00'00    00000.00                

25/11/19 11:22     123 0036 <D>2066<I>1333264404                               0'00 00:00'22    00000.00                

25/11/19 11:23     221      EXT220                                                                                      

25/11/19 11:26     399 0036 <D>2062<I>1137929100                               0'03 00:00'00    00000.00            NA  

25/11/19 11:31     399 0036 <D>2062<I>1340627065                               0'06 00:00'00    00000.00                

25/11/19 11:31     199 0035 <D>2066<I>1148588596                               0'08 00:00'00    00000.00                

25/11/19 11:31     321 0036 <D>2062<I>1340627065                               0'00 00:00'09    00000.00                

25/11/19 11:32     123 0035 <D>2066<I>1148588596                               0'00 00:00'17    00000.00                

25/11/19 11:34     721      EXT720                                                                                      

25/11/19 11:36     699 0036 <D>2065<I>1135627924                               0'04 00:00'00    00000.00                

25/11/19 11:36     621 0036 <D>2065<I>1135627924                               0'00 00:00'07    00000.00                

25/11/19 11:37     699 0036 <D>2065<I>1135627924                               0'11 00:00'00    00000.00                

25/11/19 11:37     599 0035 <D>2064<I>18988210836                              0'11 00:00'00    00000.00                

25/11/19 11:38     621 0036 <D>2065<I>1135627924                               0'00 00:00'55    00000.00                

25/11/19 11:38     522 0035 <D>2064<I>18988210836                              0'00 00:00'55    00000.00                

25/11/19 11:41     130      EXT129                                                                                      

25/11/19 11:42     130 0036 <D>2067<I>1332322718                               0'09 00:00'19    00000.00                

25/11/19 11:43     129 0036 <D>2067<I>1332322718                               0'00 00:01'19    00000.00            TR  

25/11/19 11:44     799 0036 <D>2060<I>1332329594                               0'06 00:00'00    00000.00                

25/11/19 11:45     721 0036 <D>2060<I>1332329594                               0'00 00:01'22    00000.00                

25/11/19 11:48     122 0026 300373779186000000                                      00:00'40    00000.00                

25/11/19 11:55     130 0027 300373779186000629186000672                             00:03'14    00000.00                

25/11/19 12:14     130 0028 32322020                                                00:05'05    00000.00                

25/11/19 12:19     199 0036 <D>2066<I>1334639074                               0'12 00:00'00    00000.00                

25/11/19 12:20     521      EXT522                                                                                      

25/11/19 12:22     123 0036 <D>2066<I>1334639074                               0'00 00:02'13    00000.00                

25/11/19 12:23     122      EXT130                                                                                      

25/11/19 12:25     620      EXT622                                                                                      

25/11/19 12:26     499 0036 <D>2063<I>4821069449                               0'04 00:00'00    00000.00                

25/11/19 12:26     422 0036 <D>2063<I>4821069449                               0'00 00:00'04    00000.00                

25/11/19 12:29     522      EXT123                                                                                      

25/11/19 12:29     522      EXT521                                                                                      

25/11/19 12:29     199 0036 <D>2066<I>1332021220                               0'22 00:00'00    00000.00                

25/11/19 12:30     123 0036 <D>2066<I>1332021220                               0'00 00:00'56    00000.00                

25/11/19 12:31     399 0036 <D>2062<I>13991419136                              0'06 00:00'00    00000.00                

25/11/19 12:33     321 0036 <D>2062<I>13991419136                              0'00 00:01'46    00000.00                

25/11/19 12:34     399 0036 <D>2062<I>13991419136                              0'03 00:00'00    00000.00                

25/11/19 12:34     321 0036 <D>2062<I>13991419136                              0'00 00:00'25    00000.00                

Date     Time    Ext   CO   Dial Number                                        Ring Duration Cost        Acc code   CD  

------------------------------------------------------------------------------------------------------------------------

25/11/19 12:36     799 0036 <D>2060<I>1322028640                               0'35 00:00'00    00000.00                

25/11/19 12:37     399 0035 <D>2062<I>1332024700                               0'06 00:00'00    00000.00                

25/11/19 12:37     720 0036 <D>2060<I>1322028640                               0'00 00:00'30    00000.00                

25/11/19 12:37     321 0035 <D>2062<I>1332024700                               0'00 00:00'33    00000.00                

25/11/19 12:42     399 0036 <D>2062<I>1332024700                               0'06 00:00'00    00000.00                

25/11/19 12:42     321 0036 <D>2062<I>1332024700                               0'00 00:00'49    00000.00                

25/11/19 12:46     599 0036 <D>2064<I>13997244091                              0'12 00:00'00    00000.00                

25/11/19 12:46     521 0036 <D>2064<I>13997244091                              0'00 00:00'11    00000.00                

25/11/19 12:47     522      EXT521                                                                                      

25/11/19 12:47     521      EXT522                                                                                      

25/11/19 13:02     522      EXT521                                                                                      

25/11/19 13:02     129      EXT123                                                                                      

25/11/19 13:03     129      EXT221                                                                                      

25/11/19 13:04     129      EXT321                                                                                      

25/11/19 13:05     129      EXT320                                                                                      

25/11/19 13:08     522      EXT521                                                                                      

25/11/19 13:22     122 0029 322311825                                               00:04'06    00000.00                

25/11/19 13:29     122      EXT130                                                                                      

25/11/19 13:32     122      EXT121                                                                                      

25/11/19 13:33     199 0036 <D>2066<I>1148729001                               0'04 00:00'00    00000.00                

25/11/19 13:33     123 0036 <D>2066<I>1148729001                               0'00 00:00'06    00000.00                

25/11/19 13:38     320      EXT123                                                                                      

25/11/19 13:48     199 0036 <D>2066<I>1130172140                               0'26 00:00'00    00000.00            NA  

25/11/19 14:02     199 0036 <D>2066<I>1334639074                               0'14 00:00'00    00000.00                

25/11/19 14:05     123 0036 <D>2066<I>1334639074                               0'00 00:03'37    00000.00                

25/11/19 14:15     799 0036 <D>2060<I>4132419000                               0'30 00:00'00    00000.00                

25/11/19 14:16     720 0036 <D>2060<I>4132419000                               0'00 00:00'09    00000.00                

25/11/19 14:19     720      EXT721                                                                                      

25/11/19 14:25     599 0036 <D>2064<I>13997201396                              0'12 00:00'00    00000.00                

25/11/19 14:25     521 0036 <D>2064<I>13997201396                              0'00 00:00'13    00000.00                

25/11/19 14:31     720      EXT721                                                                                      

25/11/19 14:46     522      EXT521                                                                                      

25/11/19 14:47     420      EXT130                                                                                      

25/11/19 14:56     420      EXT130                                                                                      

25/11/19 14:57     420      EXT121                                                                                      

25/11/19 15:04     499 0036 <D>2063<I>4830620554                               0'28 00:00'00    00000.00            NA  

25/11/19 15:07     199 0036 <D>2066<I>13997838338                              0'08 00:00'00    00000.00                

25/11/19 15:08     123 0036 <D>2066<I>13997838338                              0'00 00:01'06    00000.00                

25/11/19 15:09     522      EXT521                                                                                      

25/11/19 15:22     130 0036 <D>2067<I>1155386000                               0'09 00:03'30    00000.00                

25/11/19 15:33     799 0036 <D>2060<I>1121775405                               0'09 00:00'00    00000.00                

25/11/19 15:33     721 0036 <D>2060<I>1121775405                               0'00 00:00'04    00000.00                

25/11/19 15:37     420      EXT130                                                                                      

25/11/19 15:42     123      EXT122                                                                                      

25/11/19 15:53     720      EXT721                                                                                      

25/11/19 15:55     522      EXT521                                                                                      

25/11/19 15:57     199 0036 <D>2066<I>1134907000                               0'10 00:00'00    00000.00                

25/11/19 15:57     123 0036 <D>2066<I>1134907000                               0'00 00:00'02    00000.00                

25/11/19 15:58     499 0036 <D>2063<I>1321384761                               0'14 00:00'00    00000.00                

25/11/19 15:59     422 0036 <D>2063<I>1321384761                               0'00 00:00'55    00000.00                

25/11/19 16:02     130 0036 <D>2067<I>1155386000                               0'14 00:00'00    00000.00            NA  

25/11/19 16:11     121 0036 <D>2067<I>1155386000                               0'00 00:09'02    00000.00                

25/11/19 16:13     199 0036 <D>2066<I>1134907000                               0'06 00:00'00    00000.00                

25/11/19 16:13     123 0036 <D>2066<I>1134907000                               0'00 00:00'02    00000.00                

25/11/19 16:14     199 0036 <D>2066<I>1134907000                               0'18 00:00'00    00000.00                

25/11/19 16:14     123 0036 <D>2066<I>1134907000                               0'00 00:00'02    00000.00                

25/11/19 16:15     599 0036 <D>2064<I>11995053415                              0'11 00:00'00    00000.00                

25/11/19 16:16     522 0036 <D>2064<I>11995053415                              0'00 00:00'17    00000.00                

25/11/19 16:25     620      EXT622                                                                                      

25/11/19 16:27     622 0030 40047770                                                00:03'13    00000.00                

25/11/19 16:32     123      EXT220                                                                                      

25/11/19 16:32     123      EXT220                                                                                      

25/11/19 16:32     123      EXT221                                                                                      

25/11/19 16:34     221      EXT123                                                                                      

Date     Time    Ext   CO   Dial Number                                        Ring Duration Cost        Acc code   CD  

------------------------------------------------------------------------------------------------------------------------

25/11/19 16:34     521      EXT520                                                                                      

25/11/19 16:34     522      EXT521                                                                                      

25/11/19 16:43     420      EXT130                                                                                      

25/11/19 16:44     122      EXT130                                                                                      

25/11/19 16:44     122      EXT130                                                                                      

25/11/19 16:45     122      EXT130                                                                                      

25/11/19 16:46     122      EXT130                                                                                      

25/11/19 16:46     129 0031 32322020                                                00:01'56    00000.00                

25/11/19 16:50     129      EXT420                                                                                      

25/11/19 16:57     130      EXT122                                                                                      

25/11/19 16:58     122      EXT130                                                                                      

25/11/19 17:01     622 0032 40047770                                                00:00'54    00000.00                

25/11/19 17:02     522      EXT521                                                                                      

25/11/19 17:06     199 0036 <D>2066<I>1134907000                               0'07 00:00'00    00000.00                

25/11/19 17:06     123 0036 <D>2066<I>1134907000                               0'00 00:00'02    00000.00                

25/11/19 17:09     699 0036 <D>2065<I>1129163000                               0'06 00:00'00    00000.00                

25/11/19 17:09     620 0036 <D>2065<I>1129163000                               0'00 00:00'13    00000.00                

25/11/19 17:11     699 0036 <D>2065<I>1129163000                               0'30 00:00'00    00000.00                

25/11/19 17:12     621 0036 <D>2065<I>1129163000                               0'00 00:00'46    00000.00                

25/11/19 17:13     699 0036 <D>2065<I>1129163000                               0'09 00:00'00    00000.00                

25/11/19 17:13     620 0036 <D>2065<I>1129163000                               0'00 00:00'19    00000.00                

25/11/19 17:13     599 0035 <D>2064<I>13974011432                              0'05 00:00'00    00000.00                

25/11/19 17:14     521 0035 <D>2064<I>13974011432                              0'00 00:00'15    00000.00                

25/11/19 17:14     130      EXT122                                                                                      

25/11/19 17:14     699 0036 <D>2065<I>1129163000                               1'00 00:00'00    00000.00            NA  

25/11/19 17:15     699 0036 <D>2065<I>1129163000                               0'09 00:00'00    00000.00                

25/11/19 17:15     620 0036 <D>2065<I>1129163000                               0'00 00:00'01    00000.00                

25/11/19 17:18     199 0036 <D>2066<I>1134907000                               0'13 00:00'00    00000.00                

25/11/19 17:18     123 0036 <D>2066<I>1134907000                               0'00 00:00'02    00000.00                

25/11/19 17:18     122 0033 32231182                                                00:00'22    00000.00                

25/11/19 17:21     620 0034 0151129163000                                           00:01'47    00000.00                

25/11/19 17:23     121      EXT122                                                                                      

25/11/19 17:28     129      EXT220                                                                                      

25/11/19 17:29     129      EXT721                                                                                      

25/11/19 17:29     721 0035 0153139917067                                           00:02'21    00000.00                

25/11/19 17:31     130      EXT122                                                                                      

25/11/19 17:36     122      EXT130                                                                                      

25/11/19 17:40     199 0036 <D>2066<I>1130172140                               0'00 00:00'00    00000.00            NA  

25/11/19 17:41     199 0036 <D>2066<I>1130172140                               0'09 00:00'00    00000.00                

25/11/19 17:41     123 0036 <D>2066<I>1130172140                               0'00 00:00'16    00000.00                

25/11/19 17:49     130      EXT122                                                                                      

25/11/19 17:55     199 0036 <D>2066<I>1148729001                               0'07 00:00'00    00000.00                

25/11/19 17:55     123 0036 <D>2066<I>1148729001                               0'00 00:00'18    00000.00                

25/11/19 18:03     199 0036 <D>2066<I>1340424126                               0'07 00:00'00    00000.00                

25/11/19 18:03     123 0036 <D>2066<I>1340424126                               0'00 00:00'02    00000.00                

25/11/19 18:06     130      EXT122                                                                                      

25/11/19 18:14     499 0036 <D>2063<I>4830620554                               0'06 00:00'00    00000.00                

25/11/19 18:14     420 0036 <D>2063<I>4830620554                               0'00 00:00'03    00000.00                

25/11/19 18:16     130      EXT122                                                                                      

25/11/19 18:21     122      EXT130                                                                                      

25/11/19 18:27     199 0036 <D>2066<I>1134907000                               0'07 00:00'00    00000.00                

25/11/19 18:27     123 0036 <D>2066<I>1134907000                               0'00 00:00'03    00000.00                

25/11/19 18:32     521      EXT522                                                                                      

25/11/19 18:33     599 0036 <D>2064<I>13997262149                              0'13 00:00'00    00000.00                

25/11/19 18:34     521 0036 <D>2064<I>13997262149                              0'00 00:00'31    00000.00                

25/11/19 18:43     522      EXT521                                                                                      

25/11/19 18:48     129      EXT123                                                                                      

25/11/19 18:54     522      EXT521                                                                                      

25/11/19 19:15     521 0036 40047733                                                00:01'47    00000.00                

25/11/19 19:15     599 0035 <D>2064<I>11948531373                              0'16 00:00'00    00000.00                

25/11/19 19:16     521 0035 <D>2064<I>11948531373                              0'00 00:00'31    00000.00                

25/11/19 19:26     799 0036 <D>2060<I>1121775409                               0'29 00:00'00    00000.00                

25/11/19 19:26     720 0036 <D>2060<I>1121775409                               0'00 00:00'02    00000.00                

25/11/19 19:27     199 0036 <D>2066<I>1134907000                               0'10 00:00'00    00000.00                

Date     Time    Ext   CO   Dial Number                                        Ring Duration Cost        Acc code   CD  

------------------------------------------------------------------------------------------------------------------------

25/11/19 19:27     123 0036 <D>2066<I>1134907000                               0'00 00:00'01    00000.00                

25/11/19 19:30     122 0007 974093445                                               00:02'21    00000.00                

25/11/19 19:37     122 0008 996688704                                               00:00'45    00000.00                

25/11/19 19:38     199 0036 <D>2066<I>1332713455                               0'06 00:00'00    00000.00                

25/11/19 19:39     123 0036 <D>2066<I>1332713455                               0'00 00:00'56    00000.00                

25/11/19 20:42     799 0036 <D>2060<I>1121775409                               0'27 00:00'00    00000.00                

25/11/19 20:43     720 0036 <D>2060<I>1121775409                               0'00 00:00'04    00000.00                

25/11/19 21:19     499 0036 <D>2063<I>4830620554                               0'01 00:00'00    00000.00            NA  

25/11/19 22:29     521      EXT522                                                                                      

26/11/19 00:45     221      EXT220                                                                                      

26/11/19 01:48     120      EXT131                                                                                      

26/11/19 06:27     622 0010 40047770                                                00:02'18    00000.00                

26/11/19 06:58     599 0036 <D>2064<I>1334241616                               0'05 00:00'00    00000.00                

26/11/19 06:58     522 0036 <D>2064<I>1334241616                               0'00 00:00'20    00000.00                

26/11/19 08:55     320      EXT321                                                                                      

26/11/19 08:56     321      EXT320                                                                                      

26/11/19 08:56     122 0011 32883267                                                00:00'49    00000.00                

26/11/19 08:56     321      EXT320                                                                                      

26/11/19 09:21     399 0036 <D>2062<I>1332616026                               0'06 00:00'00    00000.00                

26/11/19 09:22     321 0036 <D>2062<I>1332616026                               0'00 00:00'33    00000.00                

26/11/19 09:24     520      EXT521                                                                                      

26/11/19 09:29     499 0036 <D>2063<I>1332956600                               0'19 00:00'00    00000.00                

26/11/19 09:30     422 0036 <D>2063<I>1332956600                               0'00 00:00'19    00000.00                

26/11/19 09:37     129      EXT123                                                                                      

26/11/19 09:39     121      EXT220                                                                                      

26/11/19 09:39     121      EXT221                                                                                      

26/11/19 09:40     121      EXT220                                                                                      

26/11/19 09:40     522      EXT521                                                                                      

26/11/19 09:48     522      EXT521                                                                                      

26/11/19 09:59     199 0036 <D>2066<I>1332021220                               0'20 00:00'00    00000.00                

26/11/19 10:00     123 0036 <D>2066<I>1332021220                               0'00 00:00'15    00000.00                

26/11/19 10:04     622      EXT621                                                                                      

26/11/19 10:12     122      EXT130                                                                                      

26/11/19 10:13     130      EXT420                                                                                      

26/11/19 10:17     122      EXT130                                                                                      

26/11/19 10:17     122      EXT130                                                                                      

26/11/19 10:17     122      EXT130                                                                                      

26/11/19 10:17     122      EXT130                                                                                      

26/11/19 10:18     122      EXT130                                                                                      

26/11/19 10:19     122      EXT130                                                                                      

26/11/19 10:22     321      EXT130                                                                                      

26/11/19 10:24     129 0012 32322020                                                00:00'38    00000.00                

26/11/19 10:29     699 0036 <D>2065<I>1135627924                               0'12 00:00'00    00000.00                

26/11/19 10:30     621 0036 <D>2065<I>1135627924                               0'00 00:00'46    00000.00                

26/11/19 10:32     220      EXT129                                                                                      

26/11/19 10:32     220      EXT121                                                                                      

26/11/19 10:33     130      EXT720                                                                                      

26/11/19 10:34     199 0036 <D>2066<I>1130172140                               0'14 00:00'00    00000.00                

26/11/19 10:34     123 0036 <D>2066<I>1130172140                               0'00 00:00'01    00000.00                

26/11/19 10:34     622      EXT621                                                                                      

26/11/19 10:42     220      EXT221                                                                                      

26/11/19 10:44     220      EXT130                                                                                      

26/11/19 10:46     121      EXT220                                                                                      

26/11/19 10:48     220      EXT721                                                                                      

26/11/19 10:48     220      EXT720                                                                                      

26/11/19 10:52     220      EXT121                                                                                      

26/11/19 10:53     121      EXT220                                                                                      

26/11/19 10:59     221      EXT220                                                                                      

26/11/19 11:09     521      EXT522                                                                                      

26/11/19 11:11     521      EXT522                                                                                      

26/11/19 11:16     599 0036 <D>2064<I>13997689719                              0'15 00:00'00    00000.00                

26/11/19 11:16     521 0036 <D>2064<I>13997689719                              0'00 00:00'32    00000.00                

26/11/19 11:27     130      EXT621                                                                                      

26/11/19 11:28     499 0036 <D>2063<I>1332293537                               0'16 00:00'00    00000.00                

Date     Time    Ext   CO   Dial Number                                        Ring Duration Cost        Acc code   CD  

------------------------------------------------------------------------------------------------------------------------

26/11/19 11:29     130      EXT621                                                                                      

26/11/19 11:29     130      EXT621                                                                                      

26/11/19 11:29     420 0036 <D>2063<I>1332293537                               0'00 00:00'28    00000.00                

26/11/19 11:29     621      EXT130                                                                                      

26/11/19 11:31     621      EXT130                                                                                      

26/11/19 11:32     621      EXT130                                                                                      

26/11/19 11:32     130 0013 991262785                                               00:00'02    00000.00                

26/11/19 11:32     522      EXT521                                                                                      

26/11/19 11:34     123      EXT129                                                                                      

26/11/19 11:35     622      EXT621                                                                                      

26/11/19 11:36     130 0014 991262785                                               00:03'53    00000.00                

26/11/19 11:36     199 0036 <D>2066<I>1333858529                               0'07 00:00'00    00000.00                

